mode: set
TopicService/internal/interfaces/api/routes.go:29.34,33.2 2 0
TopicService/internal/interfaces/api/routes.go:33.2,38.3 4 0
TopicService/internal/interfaces/api/routes.go:41.2,42.2 2 0
TopicService/internal/interfaces/api/routes.go:42.2,50.3 5 0
TopicService/internal/interfaces/api/routes.go:50.3,54.4 3 0
TopicService/internal/interfaces/api/routes.go:58.2,59.2 2 0
TopicService/internal/interfaces/api/routes.go:59.2,63.3 3 0
TopicService/internal/interfaces/api/routes.go:63.3,67.4 3 0
TopicService/internal/config/config.go:27.30,29.16 2 1
TopicService/internal/config/config.go:29.16,31.3 1 1
TopicService/internal/config/config.go:32.2,45.8 1 1
TopicService/internal/config/config.go:48.46,49.48 1 1
TopicService/internal/config/config.go:49.48,51.3 1 1
TopicService/internal/config/config.go:52.2,52.21 1 1
TopicService/internal/usecases/comment.go:15.96,17.2 1 1
TopicService/internal/usecases/comment.go:18.92,20.2 1 1
TopicService/internal/usecases/comment.go:21.91,23.2 1 1
TopicService/internal/usecases/comment.go:24.102,26.2 1 1
TopicService/internal/usecases/comment.go:27.75,29.2 1 1
TopicService/internal/usecases/comment.go:30.92,32.2 1 1
TopicService/internal/usecases/topic.go:14.90,16.2 1 1
TopicService/internal/usecases/topic.go:17.84,19.2 1 1
TopicService/internal/usecases/topic.go:20.85,22.2 1 1
TopicService/internal/usecases/topic.go:23.83,25.2 1 1
TopicService/internal/usecases/topic.go:26.71,28.2 1 1
TopicService/internal/usecases/topic.go:29.84,31.2 1 1
TopicService/internal/interfaces/api/persistence/postgres/comment_repository.go:25.66,27.2 1 1
TopicService/internal/interfaces/api/persistence/postgres/comment_repository.go:29.88,38.16 3 1
TopicService/internal/interfaces/api/persistence/postgres/comment_repository.go:38.16,44.3 2 1
TopicService/internal/interfaces/api/persistence/postgres/comment_repository.go:46.2,49.12 2 1
TopicService/internal/interfaces/api/persistence/postgres/comment_repository.go:52.88,63.16 4 1
TopicService/internal/interfaces/api/persistence/postgres/comment_repository.go:63.16,68.3 2 1
TopicService/internal/interfaces/api/persistence/postgres/comment_repository.go:70.2,71.16 2 1
TopicService/internal/interfaces/api/persistence/postgres/comment_repository.go:71.16,75.3 2 0
TopicService/internal/interfaces/api/persistence/postgres/comment_repository.go:77.2,77.23 1 1
TopicService/internal/interfaces/api/persistence/postgres/comment_repository.go:77.23,81.3 2 1
TopicService/internal/interfaces/api/persistence/postgres/comment_repository.go:83.2,86.12 2 1
TopicService/internal/interfaces/api/persistence/postgres/comment_repository.go:89.71,95.16 4 1
TopicService/internal/interfaces/api/persistence/postgres/comment_repository.go:95.16,100.3 2 1
TopicService/internal/interfaces/api/persistence/postgres/comment_repository.go:102.2,103.16 2 1
TopicService/internal/interfaces/api/persistence/postgres/comment_repository.go:103.16,107.3 2 0
TopicService/internal/interfaces/api/persistence/postgres/comment_repository.go:109.2,109.23 1 1
TopicService/internal/interfaces/api/persistence/postgres/comment_repository.go:109.23,112.3 2 1
TopicService/internal/interfaces/api/persistence/postgres/comment_repository.go:114.2,117.12 2 1
TopicService/internal/interfaces/api/persistence/postgres/comment_repository.go:120.92,131.35 5 1
TopicService/internal/interfaces/api/persistence/postgres/comment_repository.go:131.35,134.3 2 1
TopicService/internal/interfaces/api/persistence/postgres/comment_repository.go:136.2,136.16 1 1
TopicService/internal/interfaces/api/persistence/postgres/comment_repository.go:136.16,141.3 2 1
TopicService/internal/interfaces/api/persistence/postgres/comment_repository.go:143.2,146.22 2 1
TopicService/internal/interfaces/api/persistence/postgres/comment_repository.go:149.98,156.16 4 1
TopicService/internal/interfaces/api/persistence/postgres/comment_repository.go:156.16,161.3 2 1
TopicService/internal/interfaces/api/persistence/postgres/comment_repository.go:162.2,165.18 3 1
TopicService/internal/interfaces/api/persistence/postgres/comment_repository.go:165.18,169.56 2 1
TopicService/internal/interfaces/api/persistence/postgres/comment_repository.go:169.56,173.4 2 0
TopicService/internal/interfaces/api/persistence/postgres/comment_repository.go:174.3,174.40 1 1
TopicService/internal/interfaces/api/persistence/postgres/comment_repository.go:177.2,177.35 1 1
TopicService/internal/interfaces/api/persistence/postgres/comment_repository.go:177.35,181.3 2 0
TopicService/internal/interfaces/api/persistence/postgres/comment_repository.go:183.2,186.22 2 1
TopicService/internal/interfaces/api/persistence/postgres/topic_repository.go:25.62,27.2 1 1
TopicService/internal/interfaces/api/persistence/postgres/topic_repository.go:29.82,39.16 4 1
TopicService/internal/interfaces/api/persistence/postgres/topic_repository.go:39.16,44.3 2 1
TopicService/internal/interfaces/api/persistence/postgres/topic_repository.go:46.2,49.12 2 1
TopicService/internal/interfaces/api/persistence/postgres/topic_repository.go:52.82,63.16 4 1
TopicService/internal/interfaces/api/persistence/postgres/topic_repository.go:63.16,68.3 2 1
TopicService/internal/interfaces/api/persistence/postgres/topic_repository.go:70.2,71.16 2 1
TopicService/internal/interfaces/api/persistence/postgres/topic_repository.go:71.16,75.3 2 0
TopicService/internal/interfaces/api/persistence/postgres/topic_repository.go:77.2,77.23 1 1
TopicService/internal/interfaces/api/persistence/postgres/topic_repository.go:77.23,81.3 2 1
TopicService/internal/interfaces/api/persistence/postgres/topic_repository.go:83.2,86.12 2 1
TopicService/internal/interfaces/api/persistence/postgres/topic_repository.go:89.69,95.16 4 1
TopicService/internal/interfaces/api/persistence/postgres/topic_repository.go:95.16,100.3 2 1
TopicService/internal/interfaces/api/persistence/postgres/topic_repository.go:102.2,103.16 2 1
TopicService/internal/interfaces/api/persistence/postgres/topic_repository.go:103.16,107.3 2 0
TopicService/internal/interfaces/api/persistence/postgres/topic_repository.go:109.2,109.23 1 1
TopicService/internal/interfaces/api/persistence/postgres/topic_repository.go:109.23,112.3 2 1
TopicService/internal/interfaces/api/persistence/postgres/topic_repository.go:114.2,117.12 2 1
TopicService/internal/interfaces/api/persistence/postgres/topic_repository.go:120.88,134.35 5 1
TopicService/internal/interfaces/api/persistence/postgres/topic_repository.go:134.35,137.3 2 1
TopicService/internal/interfaces/api/persistence/postgres/topic_repository.go:139.2,139.16 1 1
TopicService/internal/interfaces/api/persistence/postgres/topic_repository.go:139.16,144.3 2 1
TopicService/internal/interfaces/api/persistence/postgres/topic_repository.go:146.2,149.20 2 1
TopicService/internal/interfaces/api/persistence/postgres/topic_repository.go:152.81,158.16 4 1
TopicService/internal/interfaces/api/persistence/postgres/topic_repository.go:158.16,161.3 2 1
TopicService/internal/interfaces/api/persistence/postgres/topic_repository.go:162.2,165.18 3 1
TopicService/internal/interfaces/api/persistence/postgres/topic_repository.go:165.18,173.34 2 1
TopicService/internal/interfaces/api/persistence/postgres/topic_repository.go:173.34,177.4 2 0
TopicService/internal/interfaces/api/persistence/postgres/topic_repository.go:178.3,178.34 1 1
TopicService/internal/interfaces/api/persistence/postgres/topic_repository.go:181.2,181.35 1 1
TopicService/internal/interfaces/api/persistence/postgres/topic_repository.go:181.35,184.3 2 0
TopicService/internal/interfaces/api/persistence/postgres/topic_repository.go:186.2,187.20 2 1
TopicService/internal/interfaces/api/http/auth_handler.go:19.91,21.2 1 1
TopicService/internal/interfaces/api/http/auth_handler.go:35.45,38.51 2 1
TopicService/internal/interfaces/api/http/auth_handler.go:38.51,41.3 2 1
TopicService/internal/interfaces/api/http/auth_handler.go:43.2,44.16 2 1
TopicService/internal/interfaces/api/http/auth_handler.go:44.16,47.3 2 1
TopicService/internal/interfaces/api/http/auth_handler.go:49.2,50.27 2 1
TopicService/internal/interfaces/api/http/auth_handler.go:62.46,63.57 1 1
TopicService/internal/interfaces/api/http/auth_handler.go:63.57,66.3 2 1
TopicService/internal/interfaces/api/http/auth_handler.go:68.2,69.16 2 1
TopicService/internal/interfaces/api/http/auth_handler.go:69.16,72.3 2 1
TopicService/internal/interfaces/api/http/auth_handler.go:74.2,75.27 2 1
TopicService/internal/interfaces/api/http/auth_handler.go:90.48,93.51 2 1
TopicService/internal/interfaces/api/http/auth_handler.go:93.51,96.3 2 1
TopicService/internal/interfaces/api/http/auth_handler.go:98.2,99.16 2 1
TopicService/internal/interfaces/api/http/auth_handler.go:99.16,102.3 2 1
TopicService/internal/interfaces/api/http/auth_handler.go:103.2,104.27 2 1
TopicService/internal/interfaces/api/http/auth_handler.go:117.47,119.16 2 1
TopicService/internal/interfaces/api/http/auth_handler.go:119.16,122.3 2 1
TopicService/internal/interfaces/api/http/auth_handler.go:124.2,125.16 2 1
TopicService/internal/interfaces/api/http/auth_handler.go:125.16,128.3 2 1
TopicService/internal/interfaces/api/http/auth_handler.go:130.2,131.27 2 1
TopicService/internal/interfaces/api/http/auth_handler.go:144.46,146.17 2 1
TopicService/internal/interfaces/api/http/auth_handler.go:146.17,149.3 2 1
TopicService/internal/interfaces/api/http/auth_handler.go:150.2,151.16 2 1
TopicService/internal/interfaces/api/http/auth_handler.go:151.16,157.3 2 1
TopicService/internal/interfaces/api/http/auth_handler.go:159.2,162.4 1 1
TopicService/internal/interfaces/api/http/auth_handler.go:165.45,166.9 1 1
TopicService/internal/interfaces/api/http/auth_handler.go:167.48,168.35 1 0
TopicService/internal/interfaces/api/http/auth_handler.go:169.10,170.40 1 1
TopicService/internal/interfaces/api/http/auth_handler.go:174.65,175.40 1 1
TopicService/internal/interfaces/api/http/auth_handler.go:175.40,177.3 1 1
TopicService/internal/interfaces/api/http/auth_handler.go:180.60,182.22 2 1
TopicService/internal/interfaces/api/http/auth_handler.go:182.22,185.17 3 1
TopicService/internal/interfaces/api/http/auth_handler.go:185.17,188.4 2 0
TopicService/internal/interfaces/api/http/auth_handler.go:189.3,189.65 1 1
TopicService/internal/interfaces/api/http/comment_handler.go:18.105,20.2 1 1
TopicService/internal/interfaces/api/http/comment_handler.go:35.56,39.13 3 1
TopicService/internal/interfaces/api/http/comment_handler.go:39.13,43.3 3 1
TopicService/internal/interfaces/api/http/comment_handler.go:45.2,46.47 2 1
TopicService/internal/interfaces/api/http/comment_handler.go:46.47,50.3 3 1
TopicService/internal/interfaces/api/http/comment_handler.go:52.2,53.16 2 1
TopicService/internal/interfaces/api/http/comment_handler.go:53.16,57.3 3 1
TopicService/internal/interfaces/api/http/comment_handler.go:59.2,71.88 3 1
TopicService/internal/interfaces/api/http/comment_handler.go:71.88,77.3 3 1
TopicService/internal/interfaces/api/http/comment_handler.go:79.2,82.66 2 1
TopicService/internal/interfaces/api/http/comment_handler.go:96.49,98.16 2 1
TopicService/internal/interfaces/api/http/comment_handler.go:98.16,104.3 3 1
TopicService/internal/interfaces/api/http/comment_handler.go:106.2,109.16 3 1
TopicService/internal/interfaces/api/http/comment_handler.go:109.16,115.3 3 1
TopicService/internal/interfaces/api/http/comment_handler.go:117.2,120.68 2 1
TopicService/internal/interfaces/api/http/comment_handler.go:134.53,136.16 2 1
TopicService/internal/interfaces/api/http/comment_handler.go:136.16,142.3 3 1
TopicService/internal/interfaces/api/http/comment_handler.go:144.2,147.16 3 1
TopicService/internal/interfaces/api/http/comment_handler.go:147.16,153.3 3 1
TopicService/internal/interfaces/api/http/comment_handler.go:155.2,159.32 2 1
TopicService/internal/interfaces/api/http/comment_handler.go:176.56,178.16 2 1
TopicService/internal/interfaces/api/http/comment_handler.go:178.16,184.3 3 1
TopicService/internal/interfaces/api/http/comment_handler.go:186.2,189.47 3 1
TopicService/internal/interfaces/api/http/comment_handler.go:189.47,195.3 3 1
TopicService/internal/interfaces/api/http/comment_handler.go:197.2,198.13 2 1
TopicService/internal/interfaces/api/http/comment_handler.go:198.13,203.3 3 0
TopicService/internal/interfaces/api/http/comment_handler.go:205.2,206.16 2 1
TopicService/internal/interfaces/api/http/comment_handler.go:206.16,212.3 3 1
TopicService/internal/interfaces/api/http/comment_handler.go:214.2,214.83 1 1
TopicService/internal/interfaces/api/http/comment_handler.go:214.83,221.3 3 1
TopicService/internal/interfaces/api/http/comment_handler.go:223.2,233.92 3 1
TopicService/internal/interfaces/api/http/comment_handler.go:233.92,239.3 3 1
TopicService/internal/interfaces/api/http/comment_handler.go:241.2,242.88 2 1
TopicService/internal/interfaces/api/http/comment_handler.go:258.56,260.16 2 1
TopicService/internal/interfaces/api/http/comment_handler.go:260.16,266.3 3 1
TopicService/internal/interfaces/api/http/comment_handler.go:268.2,270.80 2 1
TopicService/internal/interfaces/api/http/comment_handler.go:270.80,276.3 3 1
TopicService/internal/interfaces/api/http/comment_handler.go:278.2,279.89 2 1
TopicService/internal/interfaces/api/http/topic_handler.go:18.97,20.2 1 1
TopicService/internal/interfaces/api/http/topic_handler.go:35.52,39.13 3 1
TopicService/internal/interfaces/api/http/topic_handler.go:39.13,43.3 3 1
TopicService/internal/interfaces/api/http/topic_handler.go:45.2,46.47 2 1
TopicService/internal/interfaces/api/http/topic_handler.go:46.47,50.3 3 1
TopicService/internal/interfaces/api/http/topic_handler.go:52.2,61.82 3 1
TopicService/internal/interfaces/api/http/topic_handler.go:61.82,65.3 3 1
TopicService/internal/interfaces/api/http/topic_handler.go:67.2,71.4 2 1
TopicService/internal/interfaces/api/http/topic_handler.go:83.47,87.16 3 1
TopicService/internal/interfaces/api/http/topic_handler.go:87.16,91.3 3 1
TopicService/internal/interfaces/api/http/topic_handler.go:93.2,94.64 2 1
TopicService/internal/interfaces/api/http/topic_handler.go:108.49,110.16 2 1
TopicService/internal/interfaces/api/http/topic_handler.go:110.16,114.3 3 1
TopicService/internal/interfaces/api/http/topic_handler.go:116.2,119.16 3 1
TopicService/internal/interfaces/api/http/topic_handler.go:119.16,123.3 3 1
TopicService/internal/interfaces/api/http/topic_handler.go:125.2,126.30 2 1
TopicService/internal/interfaces/api/http/topic_handler.go:143.52,147.47 3 1
TopicService/internal/interfaces/api/http/topic_handler.go:147.47,151.3 3 1
TopicService/internal/interfaces/api/http/topic_handler.go:153.2,154.16 2 1
TopicService/internal/interfaces/api/http/topic_handler.go:154.16,158.3 3 1
TopicService/internal/interfaces/api/http/topic_handler.go:160.2,170.16 4 1
TopicService/internal/interfaces/api/http/topic_handler.go:170.16,174.3 3 1
TopicService/internal/interfaces/api/http/topic_handler.go:176.2,177.87 2 1
TopicService/internal/interfaces/api/http/topic_handler.go:193.52,195.16 2 1
TopicService/internal/interfaces/api/http/topic_handler.go:195.16,199.3 3 1
TopicService/internal/interfaces/api/http/topic_handler.go:201.2,203.76 2 1
TopicService/internal/interfaces/api/http/topic_handler.go:203.76,207.3 3 1
TopicService/internal/interfaces/api/http/topic_handler.go:209.2,210.87 2 1
TopicService/internal/interfaces/api/middleware/auth.go:15.101,17.2 1 1
TopicService/internal/interfaces/api/middleware/auth.go:19.49,20.30 1 1
TopicService/internal/interfaces/api/middleware/auth.go:20.30,23.23 2 1
TopicService/internal/interfaces/api/middleware/auth.go:23.23,28.4 2 1
TopicService/internal/interfaces/api/middleware/auth.go:30.3,31.58 2 1
TopicService/internal/interfaces/api/middleware/auth.go:31.58,36.4 2 1
TopicService/internal/interfaces/api/middleware/auth.go:37.3,38.18 2 1
TopicService/internal/interfaces/api/middleware/auth.go:38.18,43.4 2 1
TopicService/internal/interfaces/api/middleware/auth.go:45.3,46.17 2 1
TopicService/internal/interfaces/api/middleware/auth.go:46.17,50.4 3 1
TopicService/internal/interfaces/api/middleware/auth.go:52.3,53.17 2 1
TopicService/internal/interfaces/api/middleware/auth.go:53.17,58.4 2 1
TopicService/internal/interfaces/api/middleware/auth.go:60.3,61.17 2 1
TopicService/internal/interfaces/api/middleware/auth.go:61.17,66.4 2 1
TopicService/internal/interfaces/api/middleware/auth.go:68.3,68.39 1 1
TopicService/internal/interfaces/api/middleware/auth.go:68.39,73.4 2 0
TopicService/internal/interfaces/api/middleware/auth.go:75.3,76.27 2 1
TopicService/internal/interfaces/api/middleware/auth.go:76.27,81.4 2 0
TopicService/internal/interfaces/api/middleware/auth.go:83.3,89.17 3 1
TopicService/internal/interfaces/api/middleware/auth.go:89.17,94.4 2 1
TopicService/internal/interfaces/api/middleware/auth.go:96.3,97.11 2 1
